# JRE version: Java(TM) SE Runtime Environment (8.0_361) (build 1.8.0_361-b09)
# Java VM: Java HotSpot(TM) 64-Bit Server VM (25.361-b09 mixed mode windows-amd64 compressed oops)
Heap:
 PSYoungGen      total 736256K, used 534443K [0x000000076be00000, 0x00000007a5300000, 0x00000007c0000000)
  eden space 717824K, 71% used [0x000000076be00000,0x000000078b5ed460,0x0000000797b00000)
  from space 18432K, 99% used [0x0000000797b00000,0x0000000798cfd880,0x0000000798d00000)
  to   space 26624K, 0% used [0x00000007a3900000,0x00000007a3900000,0x00000007a5300000)
 ParOldGen       total 182784K, used 64196K [0x00000006c3a00000, 0x00000006cec80000, 0x000000076be00000)
  object space 182784K, 35% used [0x00000006c3a00000,0x00000006c78b1308,0x00000006cec80000)
 Metaspace       used 85082K, capacity 91870K, committed 92120K, reserved 1130496K
  class space    used 10420K, capacity 11459K, committed 11520K, reserved 1048576K
GC Heap History (10 events):
Event: 12.838 GC heap before
{Heap before GC invocations=12 (full 2):
 PSYoungGen      total 375808K, used 374672K [0x000000076be00000, 0x000000078d080000, 0x00000007c0000000)
  eden space 358400K, 100% used [0x000000076be00000,0x0000000781c00000,0x0000000781c00000)
  from space 17408K, 93% used [0x0000000781c00000,0x0000000782be41c0,0x0000000782d00000)
  to   space 19456K, 0% used [0x000000078bd80000,0x000000078bd80000,0x000000078d080000)
 ParOldGen       total 116224K, used 19302K [0x00000006c3a00000, 0x00000006cab80000, 0x000000076be00000)
  object space 116224K, 16% used [0x00000006c3a00000,0x00000006c4cd9930,0x00000006cab80000)
 Metaspace       used 48320K, capacity 50796K, committed 50944K, reserved 1093632K
  class space    used 6349K, capacity 6820K, committed 6912K, reserved 1048576K
Event: 12.849 GC heap after
Heap after GC invocations=12 (full 2):
 PSYoungGen      total 523776K, used 13305K [0x000000076be00000, 0x000000078df00000, 0x00000007c0000000)
  eden space 504320K, 0% used [0x000000076be00000,0x000000076be00000,0x000000078aa80000)
  from space 19456K, 68% used [0x000000078bd80000,0x000000078ca7e5b8,0x000000078d080000)
  to   space 19456K, 0% used [0x000000078aa80000,0x000000078aa80000,0x000000078bd80000)
 ParOldGen       total 116224K, used 23795K [0x00000006c3a00000, 0x00000006cab80000, 0x000000076be00000)
  object space 116224K, 20% used [0x00000006c3a00000,0x00000006c513ce20,0x00000006cab80000)
 Metaspace       used 48320K, capacity 50796K, committed 50944K, reserved 1093632K
  class space    used 6349K, capacity 6820K, committed 6912K, reserved 1048576K
}
Event: 13.818 GC heap before
{Heap before GC invocations=13 (full 2):
 PSYoungGen      total 523776K, used 517625K [0x000000076be00000, 0x000000078df00000, 0x00000007c0000000)
  eden space 504320K, 100% used [0x000000076be00000,0x000000078aa80000,0x000000078aa80000)
  from space 19456K, 68% used [0x000000078bd80000,0x000000078ca7e5b8,0x000000078d080000)
  to   space 19456K, 0% used [0x000000078aa80000,0x000000078aa80000,0x000000078bd80000)
 ParOldGen       total 116224K, used 23795K [0x00000006c3a00000, 0x00000006cab80000, 0x000000076be00000)
  object space 116224K, 20% used [0x00000006c3a00000,0x00000006c513ce20,0x00000006cab80000)
 Metaspace       used 50463K, capacity 53008K, committed 53120K, reserved 1095680K
  class space    used 6528K, capacity 7024K, committed 7040K, reserved 1048576K
Event: 13.828 GC heap after
Heap after GC invocations=13 (full 2):
 PSYoungGen      total 523776K, used 8890K [0x000000076be00000, 0x000000079a880000, 0x00000007c0000000)
  eden space 504320K, 0% used [0x000000076be00000,0x000000076be00000,0x000000078aa80000)
  from space 19456K, 45% used [0x000000078aa80000,0x000000078b32e8b0,0x000000078bd80000)
  to   space 18944K, 0% used [0x0000000799600000,0x0000000799600000,0x000000079a880000)
 ParOldGen       total 116224K, used 35905K [0x00000006c3a00000, 0x00000006cab80000, 0x000000076be00000)
  object space 116224K, 30% used [0x00000006c3a00000,0x00000006c5d10408,0x00000006cab80000)
 Metaspace       used 50463K, capacity 53008K, committed 53120K, reserved 1095680K
  class space    used 6528K, capacity 7024K, committed 7040K, reserved 1048576K
}
Event: 15.579 GC heap before
{Heap before GC invocations=14 (full 2):
 PSYoungGen      total 523776K, used 339150K [0x000000076be00000, 0x000000079a880000, 0x00000007c0000000)
  eden space 504320K, 65% used [0x000000076be00000,0x0000000780084ff8,0x000000078aa80000)
  from space 19456K, 45% used [0x000000078aa80000,0x000000078b32e8b0,0x000000078bd80000)
  to   space 18944K, 0% used [0x0000000799600000,0x0000000799600000,0x000000079a880000)
 ParOldGen       total 116224K, used 35905K [0x00000006c3a00000, 0x00000006cab80000, 0x000000076be00000)
  object space 116224K, 30% used [0x00000006c3a00000,0x00000006c5d10408,0x00000006cab80000)
 Metaspace       used 56263K, capacity 58998K, committed 59096K, reserved 1101824K
  class space    used 6849K, capacity 7377K, committed 7424K, reserved 1048576K
Event: 15.587 GC heap after
Heap after GC invocations=14 (full 2):
 PSYoungGen      total 724992K, used 8976K [0x000000076be00000, 0x0000000799f00000, 0x00000007c0000000)
  eden space 715776K, 0% used [0x000000076be00000,0x000000076be00000,0x0000000797900000)
  from space 9216K, 97% used [0x0000000799600000,0x0000000799ec42b8,0x0000000799f00000)
  to   space 18432K, 0% used [0x0000000797b00000,0x0000000797b00000,0x0000000798d00000)
 ParOldGen       total 116224K, used 43321K [0x00000006c3a00000, 0x00000006cab80000, 0x000000076be00000)
  object space 116224K, 37% used [0x00000006c3a00000,0x00000006c644e418,0x00000006cab80000)
 Metaspace       used 56263K, capacity 58998K, committed 59096K, reserved 1101824K
  class space    used 6849K, capacity 7377K, committed 7424K, reserved 1048576K
}
Event: 15.587 GC heap before
{Heap before GC invocations=15 (full 3):
 PSYoungGen      total 724992K, used 8976K [0x000000076be00000, 0x0000000799f00000, 0x00000007c0000000)
  eden space 715776K, 0% used [0x000000076be00000,0x000000076be00000,0x0000000797900000)
  from space 9216K, 97% used [0x0000000799600000,0x0000000799ec42b8,0x0000000799f00000)
  to   space 18432K, 0% used [0x0000000797b00000,0x0000000797b00000,0x0000000798d00000)
 ParOldGen       total 116224K, used 43321K [0x00000006c3a00000, 0x00000006cab80000, 0x000000076be00000)
  object space 116224K, 37% used [0x00000006c3a00000,0x00000006c644e418,0x00000006cab80000)
 Metaspace       used 56263K, capacity 58998K, committed 59096K, reserved 1101824K
  class space    used 6849K, capacity 7377K, committed 7424K, reserved 1048576K
Event: 15.750 GC heap after
Heap after GC invocations=15 (full 3):
 PSYoungGen      total 724992K, used 0K [0x000000076be00000, 0x0000000799f00000, 0x00000007c0000000)
  eden space 715776K, 0% used [0x000000076be00000,0x000000076be00000,0x0000000797900000)
  from space 9216K, 0% used [0x0000000799600000,0x0000000799600000,0x0000000799f00000)
  to   space 18432K, 0% used [0x0000000797b00000,0x0000000797b00000,0x0000000798d00000)
 ParOldGen       total 182784K, used 47714K [0x00000006c3a00000, 0x00000006cec80000, 0x000000076be00000)
  object space 182784K, 26% used [0x00000006c3a00000,0x00000006c6898bb8,0x00000006cec80000)
 Metaspace       used 56263K, capacity 58998K, committed 59096K, reserved 1101824K
  class space    used 6849K, capacity 7377K, committed 7424K, reserved 1048576K
}
Event: 156.722 GC heap before
{Heap before GC invocations=16 (full 3):
 PSYoungGen      total 724992K, used 715776K [0x000000076be00000, 0x0000000799f00000, 0x00000007c0000000)
  eden space 715776K, 100% used [0x000000076be00000,0x0000000797900000,0x0000000797900000)
  from space 9216K, 0% used [0x0000000799600000,0x0000000799600000,0x0000000799f00000)
  to   space 18432K, 0% used [0x0000000797b00000,0x0000000797b00000,0x0000000798d00000)
 ParOldGen       total 182784K, used 47714K [0x00000006c3a00000, 0x00000006cec80000, 0x000000076be00000)
  object space 182784K, 26% used [0x00000006c3a00000,0x00000006c6898bb8,0x00000006cec80000)
 Metaspace       used 75730K, capacity 79968K, committed 80088K, reserved 1120256K
  class space    used 9181K, capacity 9937K, committed 9984K, reserved 1048576K
Event: 156.748 GC heap after
Heap after GC invocations=16 (full 3):
 PSYoungGen      total 736256K, used 18422K [0x000000076be00000, 0x00000007a5300000, 0x00000007c0000000)
  eden space 717824K, 0% used [0x000000076be00000,0x000000076be00000,0x0000000797b00000)
  from space 18432K, 99% used [0x0000000797b00000,0x0000000798cfd880,0x0000000798d00000)
  to   space 26624K, 0% used [0x00000007a3900000,0x00000007a3900000,0x00000007a5300000)
 ParOldGen       total 182784K, used 64196K [0x00000006c3a00000, 0x00000006cec80000, 0x000000076be00000)
  object space 182784K, 35% used [0x00000006c3a00000,0x00000006c78b1308,0x00000006cec80000)
 Metaspace       used 75730K, capacity 79968K, committed 80088K, reserved 1120256K
  class space    used 9181K, capacity 9937K, committed 9984K, reserved 1048576K
}

